  mesh.cpp
C:\大学课件\图形学\实验四\实验4.1\texel\texel\include\Angel.h(63,47): warning C4305: “初始化”: 从“double”到“GLfloat”截断
C:\大学课件\图形学\实验四\实验4.1\texel\texel\include\mat.h(698,18): warning C4244: “=”: 从“double”转换到“GLfloat”，可能丢失数据
C:\大学课件\图形学\实验四\实验4.1\texel\texel\include\mat.h(699,18): warning C4244: “=”: 从“double”转换到“GLfloat”，可能丢失数据
C:\大学课件\图形学\实验四\实验4.1\texel\texel\include\mat.h(700,18): warning C4244: “=”: 从“double”转换到“GLfloat”，可能丢失数据
C:\大学课件\图形学\实验四\实验4.1\texel\texel\include\mat.h(721,24): warning C4244: “=”: 从“double”转换到“GLfloat”，可能丢失数据
C:\大学课件\图形学\实验四\实验4.1\texel\texel\include\mat.h(723,24): warning C4244: “=”: 从“double”转换到“GLfloat”，可能丢失数据
C:\大学课件\图形学\实验四\实验4.1\texel\texel\include\mat.h(726,30): warning C4244: “=”: 从“double”转换到“GLfloat”，可能丢失数据
C:\大学课件\图形学\实验四\实验4.1\texel\texel\include\mat.h(743,30): warning C4244: “=”: 从“double”转换到“GLfloat”，可能丢失数据
C:\大学课件\图形学\实验四\实验4.1\texel\texel\mesh.cpp(90,23): warning C4305: “初始化”: 从“double”到“float”截断
C:\大学课件\图形学\实验四\实验4.1\texel\texel\mesh.cpp(91,13): warning C4244: “初始化”: 从“double”转换到“float”，可能丢失数据
C:\大学课件\图形学\实验四\实验4.1\texel\texel\mesh.cpp(142,28): warning C4244: “参数”: 从“double”转换到“_Ty”，可能丢失数据
          with
          [
              _Ty=float
          ]
C:\大学课件\图形学\实验四\实验4.1\texel\texel\mesh.cpp(143,28): warning C4244: “参数”: 从“double”转换到“_Ty”，可能丢失数据
          with
          [
              _Ty=float
          ]
C:\大学课件\图形学\实验四\实验4.1\texel\texel\mesh.cpp(145,28): warning C4244: “参数”: 从“double”转换到“_Ty”，可能丢失数据
          with
          [
              _Ty=float
          ]
C:\大学课件\图形学\实验四\实验4.1\texel\texel\mesh.cpp(146,28): warning C4244: “参数”: 从“double”转换到“_Ty”，可能丢失数据
          with
          [
              _Ty=float
          ]
C:\大学课件\图形学\实验四\实验4.1\texel\texel\mesh.cpp(165,23): warning C4305: “初始化”: 从“double”到“float”截断
C:\大学课件\图形学\实验四\实验4.1\texel\texel\mesh.cpp(166,13): warning C4244: “初始化”: 从“double”转换到“float”，可能丢失数据
C:\大学课件\图形学\实验四\实验4.1\texel\texel\mesh.cpp(218,45): warning C4244: “参数”: 从“double”转换到“_Ty”，可能丢失数据
          with
          [
              _Ty=float
          ]
C:\大学课件\图形学\实验四\实验4.1\texel\texel\mesh.cpp(221,53): warning C4244: “参数”: 从“double”转换到“_Ty”，可能丢失数据
          with
          [
              _Ty=float
          ]
C:\大学课件\图形学\实验四\实验4.1\texel\texel\mesh.cpp(242,23): warning C4305: “初始化”: 从“double”到“float”截断
C:\大学课件\图形学\实验四\实验4.1\texel\texel\mesh.cpp(243,13): warning C4244: “初始化”: 从“double”转换到“float”，可能丢失数据
C:\大学课件\图形学\实验四\实验4.1\texel\texel\mesh.cpp(306,32): warning C4244: “参数”: 从“double”转换到“_Ty”，可能丢失数据
          with
          [
              _Ty=float
          ]
C:\大学课件\图形学\实验四\实验4.1\texel\texel\mesh.cpp(309,40): warning C4244: “参数”: 从“double”转换到“_Ty”，可能丢失数据
          with
          [
              _Ty=float
          ]
C:\大学课件\图形学\实验四\实验4.1\texel\texel\mesh.cpp(312,32): warning C4244: “参数”: 从“double”转换到“_Ty”，可能丢失数据
          with
          [
              _Ty=float
          ]
C:\大学课件\图形学\实验四\实验4.1\texel\texel\mesh.cpp(316,32): warning C4244: “参数”: 从“double”转换到“_Ty”，可能丢失数据
          with
          [
              _Ty=float
          ]
C:\大学课件\图形学\实验四\实验4.1\texel\texel\mesh.cpp(319,40): warning C4244: “参数”: 从“double”转换到“_Ty”，可能丢失数据
          with
          [
              _Ty=float
          ]
C:\大学课件\图形学\实验四\实验4.1\texel\texel\mesh.cpp(322,40): warning C4244: “参数”: 从“double”转换到“_Ty”，可能丢失数据
          with
          [
              _Ty=float
          ]
  正在生成代码
  1 of 280 functions ( 0.4%) were compiled, the rest were copied from previous compilation.
    0 functions were new in current compilation
    1 functions had inline decision re-evaluated but remain unchanged
  已完成代码的生成
  texel.vcxproj -> C:\大学课件\图形学\实验四\实验4.1\texel\Release\texel.exe
